  stdafx.cpp
  OverloadNumberException.cpp
  Observable.cpp
  NullComponentException.cpp
  NegativeNumberException.cpp
  Main.cpp
e:\laptrinh\tailieu_2017\ltwin_tdquang_2017\exercise\expensemanagement\1512062_midterm_personalfinance\source\expensemanagement\resource.h(31): warning C4005: 'IDCANCEL': macro redefinition
  c:\program files (x86)\windows kits\10\include\10.0.15063.0\um\winuser.h(10803): note: see previous definition of 'IDCANCEL'
e:\laptrinh\tailieu_2017\ltwin_tdquang_2017\exercise\expensemanagement\1512062_midterm_personalfinance\source\expensemanagement\formstatistical.h(16): warning C4005: 'MAX_LEN': macro redefinition
  e:\laptrinh\tailieu_2017\ltwin_tdquang_2017\exercise\expensemanagement\1512062_midterm_personalfinance\source\expensemanagement\formaddexpense.h(18): note: see previous definition of 'MAX_LEN'
e:\laptrinh\tailieu_2017\ltwin_tdquang_2017\exercise\expensemanagement\1512062_midterm_personalfinance\source\expensemanagement\main.cpp(410): warning C4244: 'initializing': conversion from 'LRESULT' to 'int', possible loss of data
e:\laptrinh\tailieu_2017\ltwin_tdquang_2017\exercise\expensemanagement\1512062_midterm_personalfinance\source\expensemanagement\main.cpp(248): error C4996: '_itow': This function or variable may be unsafe. Consider using _itow_s instead. To disable deprecation, use _CRT_SECURE_NO_WARNINGS. See online help for details.
  c:\program files (x86)\windows kits\10\include\10.0.15063.0\ucrt\corecrt_wstdlib.h(69): note: see declaration of '_itow'
e:\laptrinh\tailieu_2017\ltwin_tdquang_2017\exercise\expensemanagement\1512062_midterm_personalfinance\source\expensemanagement\main.cpp(561): warning C4101: 'nCurSelIndex': unreferenced local variable
e:\laptrinh\tailieu_2017\ltwin_tdquang_2017\exercise\expensemanagement\1512062_midterm_personalfinance\source\expensemanagement\main.cpp(667): warning C4244: 'initializing': conversion from 'LRESULT' to 'int', possible loss of data
e:\laptrinh\tailieu_2017\ltwin_tdquang_2017\exercise\expensemanagement\1512062_midterm_personalfinance\source\expensemanagement\main.cpp(676): warning C4244: 'initializing': conversion from '__int64' to 'int', possible loss of data
e:\laptrinh\tailieu_2017\ltwin_tdquang_2017\exercise\expensemanagement\1512062_midterm_personalfinance\source\expensemanagement\main.cpp(700): error C4996: '_itow': This function or variable may be unsafe. Consider using _itow_s instead. To disable deprecation, use _CRT_SECURE_NO_WARNINGS. See online help for details.
  c:\program files (x86)\windows kits\10\include\10.0.15063.0\ucrt\corecrt_wstdlib.h(69): note: see declaration of '_itow'
e:\laptrinh\tailieu_2017\ltwin_tdquang_2017\exercise\expensemanagement\1512062_midterm_personalfinance\source\expensemanagement\main.cpp(680): warning C4101: 'e0': unreferenced local variable
e:\laptrinh\tailieu_2017\ltwin_tdquang_2017\exercise\expensemanagement\1512062_midterm_personalfinance\source\expensemanagement\main.cpp(685): warning C4101: 'e1': unreferenced local variable
e:\laptrinh\tailieu_2017\ltwin_tdquang_2017\exercise\expensemanagement\1512062_midterm_personalfinance\source\expensemanagement\main.cpp(690): warning C4101: 'e2': unreferenced local variable
e:\laptrinh\tailieu_2017\ltwin_tdquang_2017\exercise\expensemanagement\1512062_midterm_personalfinance\source\expensemanagement\main.cpp(695): warning C4101: 'e3': unreferenced local variable
  FormStatisticalLogic.cpp
e:\laptrinh\tailieu_2017\ltwin_tdquang_2017\exercise\expensemanagement\1512062_midterm_personalfinance\source\expensemanagement\resource.h(31): warning C4005: 'IDCANCEL': macro redefinition
  c:\program files (x86)\windows kits\10\include\10.0.15063.0\um\winuser.h(10803): note: see previous definition of 'IDCANCEL'
e:\laptrinh\tailieu_2017\ltwin_tdquang_2017\exercise\expensemanagement\1512062_midterm_personalfinance\source\expensemanagement\formstatisticallogic.cpp(108): error C4996: 'localtime': This function or variable may be unsafe. Consider using localtime_s instead. To disable deprecation, use _CRT_SECURE_NO_WARNINGS. See online help for details.
  c:\program files (x86)\windows kits\10\include\10.0.15063.0\ucrt\time.h(505): note: see declaration of 'localtime'
  FormStatistical.cpp
e:\laptrinh\tailieu_2017\ltwin_tdquang_2017\exercise\expensemanagement\1512062_midterm_personalfinance\source\expensemanagement\resource.h(31): warning C4005: 'IDCANCEL': macro redefinition
  c:\program files (x86)\windows kits\10\include\10.0.15063.0\um\winuser.h(10803): note: see previous definition of 'IDCANCEL'
e:\laptrinh\tailieu_2017\ltwin_tdquang_2017\exercise\expensemanagement\1512062_midterm_personalfinance\source\expensemanagement\formstatistical.cpp(112): warning C4312: 'type cast': conversion from 'int' to 'HMENU' of greater size
e:\laptrinh\tailieu_2017\ltwin_tdquang_2017\exercise\expensemanagement\1512062_midterm_personalfinance\source\expensemanagement\formstatistical.cpp(117): warning C4312: 'type cast': conversion from 'int' to 'HMENU' of greater size
e:\laptrinh\tailieu_2017\ltwin_tdquang_2017\exercise\expensemanagement\1512062_midterm_personalfinance\source\expensemanagement\formstatistical.cpp(168): warning C4244: '=': conversion from 'double' to 'int', possible loss of data
e:\laptrinh\tailieu_2017\ltwin_tdquang_2017\exercise\expensemanagement\1512062_midterm_personalfinance\source\expensemanagement\formstatistical.cpp(176): warning C4244: '=': conversion from 'double' to 'int', possible loss of data
e:\laptrinh\tailieu_2017\ltwin_tdquang_2017\exercise\expensemanagement\1512062_midterm_personalfinance\source\expensemanagement\formstatistical.cpp(181): warning C4244: '=': conversion from 'double' to 'int', possible loss of data
  FormCircleChartLogic.cpp
e:\laptrinh\tailieu_2017\ltwin_tdquang_2017\exercise\expensemanagement\1512062_midterm_personalfinance\source\expensemanagement\formcirclechartlogic.cpp(21): warning C4101: 'percent': unreferenced local variable
  FormCircleChart.cpp
e:\laptrinh\tailieu_2017\ltwin_tdquang_2017\exercise\expensemanagement\1512062_midterm_personalfinance\source\expensemanagement\formcirclechart.cpp(120): warning C4244: 'argument': conversion from 'double' to 'Gdiplus::REAL', possible loss of data
e:\laptrinh\tailieu_2017\ltwin_tdquang_2017\exercise\expensemanagement\1512062_midterm_personalfinance\source\expensemanagement\formcirclechart.cpp(121): warning C4244: '+=': conversion from 'double' to 'float', possible loss of data
e:\laptrinh\tailieu_2017\ltwin_tdquang_2017\exercise\expensemanagement\1512062_midterm_personalfinance\source\expensemanagement\formcirclechart.cpp(131): warning C4244: 'argument': conversion from 'double' to 'Gdiplus::REAL', possible loss of data
e:\laptrinh\tailieu_2017\ltwin_tdquang_2017\exercise\expensemanagement\1512062_midterm_personalfinance\source\expensemanagement\formcirclechart.cpp(132): warning C4244: '+=': conversion from 'double' to 'float', possible loss of data
e:\laptrinh\tailieu_2017\ltwin_tdquang_2017\exercise\expensemanagement\1512062_midterm_personalfinance\source\expensemanagement\formcirclechart.cpp(141): warning C4244: 'argument': conversion from 'double' to 'Gdiplus::REAL', possible loss of data
e:\laptrinh\tailieu_2017\ltwin_tdquang_2017\exercise\expensemanagement\1512062_midterm_personalfinance\source\expensemanagement\formcirclechart.cpp(142): warning C4244: '+=': conversion from 'double' to 'float', possible loss of data
e:\laptrinh\tailieu_2017\ltwin_tdquang_2017\exercise\expensemanagement\1512062_midterm_personalfinance\source\expensemanagement\formcirclechart.cpp(151): warning C4244: 'argument': conversion from 'double' to 'Gdiplus::REAL', possible loss of data
e:\laptrinh\tailieu_2017\ltwin_tdquang_2017\exercise\expensemanagement\1512062_midterm_personalfinance\source\expensemanagement\formcirclechart.cpp(152): warning C4244: '+=': conversion from 'double' to 'float', possible loss of data
e:\laptrinh\tailieu_2017\ltwin_tdquang_2017\exercise\expensemanagement\1512062_midterm_personalfinance\source\expensemanagement\formcirclechart.cpp(161): warning C4244: 'argument': conversion from 'double' to 'Gdiplus::REAL', possible loss of data
e:\laptrinh\tailieu_2017\ltwin_tdquang_2017\exercise\expensemanagement\1512062_midterm_personalfinance\source\expensemanagement\formcirclechart.cpp(162): warning C4244: '+=': conversion from 'double' to 'float', possible loss of data
e:\laptrinh\tailieu_2017\ltwin_tdquang_2017\exercise\expensemanagement\1512062_midterm_personalfinance\source\expensemanagement\formcirclechart.cpp(171): warning C4244: 'argument': conversion from 'double' to 'Gdiplus::REAL', possible loss of data
e:\laptrinh\tailieu_2017\ltwin_tdquang_2017\exercise\expensemanagement\1512062_midterm_personalfinance\source\expensemanagement\formcirclechart.cpp(172): warning C4244: '+=': conversion from 'double' to 'float', possible loss of data
e:\laptrinh\tailieu_2017\ltwin_tdquang_2017\exercise\expensemanagement\1512062_midterm_personalfinance\source\expensemanagement\formcirclechart.cpp(294): warning C4244: 'argument': conversion from 'double' to 'Gdiplus::REAL', possible loss of data
e:\laptrinh\tailieu_2017\ltwin_tdquang_2017\exercise\expensemanagement\1512062_midterm_personalfinance\source\expensemanagement\formcirclechart.cpp(295): warning C4244: '+=': conversion from 'double' to 'float', possible loss of data
e:\laptrinh\tailieu_2017\ltwin_tdquang_2017\exercise\expensemanagement\1512062_midterm_personalfinance\source\expensemanagement\formcirclechart.cpp(305): warning C4244: 'argument': conversion from 'double' to 'Gdiplus::REAL', possible loss of data
e:\laptrinh\tailieu_2017\ltwin_tdquang_2017\exercise\expensemanagement\1512062_midterm_personalfinance\source\expensemanagement\formcirclechart.cpp(306): warning C4244: '+=': conversion from 'double' to 'float', possible loss of data
e:\laptrinh\tailieu_2017\ltwin_tdquang_2017\exercise\expensemanagement\1512062_midterm_personalfinance\source\expensemanagement\formcirclechart.cpp(315): warning C4244: 'argument': conversion from 'double' to 'Gdiplus::REAL', possible loss of data
e:\laptrinh\tailieu_2017\ltwin_tdquang_2017\exercise\expensemanagement\1512062_midterm_personalfinance\source\expensemanagement\formcirclechart.cpp(316): warning C4244: '+=': conversion from 'double' to 'float', possible loss of data
e:\laptrinh\tailieu_2017\ltwin_tdquang_2017\exercise\expensemanagement\1512062_midterm_personalfinance\source\expensemanagement\formcirclechart.cpp(325): warning C4244: 'argument': conversion from 'double' to 'Gdiplus::REAL', possible loss of data
e:\laptrinh\tailieu_2017\ltwin_tdquang_2017\exercise\expensemanagement\1512062_midterm_personalfinance\source\expensemanagement\formcirclechart.cpp(326): warning C4244: '+=': conversion from 'double' to 'float', possible loss of data
e:\laptrinh\tailieu_2017\ltwin_tdquang_2017\exercise\expensemanagement\1512062_midterm_personalfinance\source\expensemanagement\formcirclechart.cpp(335): warning C4244: 'argument': conversion from 'double' to 'Gdiplus::REAL', possible loss of data
e:\laptrinh\tailieu_2017\ltwin_tdquang_2017\exercise\expensemanagement\1512062_midterm_personalfinance\source\expensemanagement\formcirclechart.cpp(336): warning C4244: '+=': conversion from 'double' to 'float', possible loss of data
e:\laptrinh\tailieu_2017\ltwin_tdquang_2017\exercise\expensemanagement\1512062_midterm_personalfinance\source\expensemanagement\formcirclechart.cpp(345): warning C4244: 'argument': conversion from 'double' to 'Gdiplus::REAL', possible loss of data
e:\laptrinh\tailieu_2017\ltwin_tdquang_2017\exercise\expensemanagement\1512062_midterm_personalfinance\source\expensemanagement\formcirclechart.cpp(346): warning C4244: '+=': conversion from 'double' to 'float', possible loss of data
e:\laptrinh\tailieu_2017\ltwin_tdquang_2017\exercise\expensemanagement\1512062_midterm_personalfinance\source\expensemanagement\formcirclechart.cpp(201): error C4996: '_itow': This function or variable may be unsafe. Consider using _itow_s instead. To disable deprecation, use _CRT_SECURE_NO_WARNINGS. See online help for details.
  c:\program files (x86)\windows kits\10\include\10.0.15063.0\ucrt\corecrt_wstdlib.h(69): note: see declaration of '_itow'
e:\laptrinh\tailieu_2017\ltwin_tdquang_2017\exercise\expensemanagement\1512062_midterm_personalfinance\source\expensemanagement\formcirclechart.cpp(372): error C4996: '_itow': This function or variable may be unsafe. Consider using _itow_s instead. To disable deprecation, use _CRT_SECURE_NO_WARNINGS. See online help for details.
  c:\program files (x86)\windows kits\10\include\10.0.15063.0\ucrt\corecrt_wstdlib.h(69): note: see declaration of '_itow'
  FormAddExpenseLogic.cpp
e:\laptrinh\tailieu_2017\ltwin_tdquang_2017\exercise\expensemanagement\1512062_midterm_personalfinance\source\expensemanagement\formaddexpenselogic.cpp(47): warning C4244: 'argument': conversion from '__int64' to 'int', possible loss of data
e:\laptrinh\tailieu_2017\ltwin_tdquang_2017\exercise\expensemanagement\1512062_midterm_personalfinance\source\expensemanagement\formaddexpenselogic.cpp(19): error C4996: 'localtime': This function or variable may be unsafe. Consider using localtime_s instead. To disable deprecation, use _CRT_SECURE_NO_WARNINGS. See online help for details.
  c:\program files (x86)\windows kits\10\include\10.0.15063.0\ucrt\time.h(505): note: see declaration of 'localtime'
  FormAddExpense.cpp
e:\laptrinh\tailieu_2017\ltwin_tdquang_2017\exercise\expensemanagement\1512062_midterm_personalfinance\source\expensemanagement\resource.h(31): warning C4005: 'IDCANCEL': macro redefinition
  c:\program files (x86)\windows kits\10\include\10.0.15063.0\um\winuser.h(10803): note: see previous definition of 'IDCANCEL'
e:\laptrinh\tailieu_2017\ltwin_tdquang_2017\exercise\expensemanagement\1512062_midterm_personalfinance\source\expensemanagement\formaddexpense.cpp(70): warning C4244: 'initializing': conversion from 'LRESULT' to 'int', possible loss of data
e:\laptrinh\tailieu_2017\ltwin_tdquang_2017\exercise\expensemanagement\1512062_midterm_personalfinance\source\expensemanagement\formaddexpense.cpp(133): error C4996: '_itow': This function or variable may be unsafe. Consider using _itow_s instead. To disable deprecation, use _CRT_SECURE_NO_WARNINGS. See online help for details.
  c:\program files (x86)\windows kits\10\include\10.0.15063.0\ucrt\corecrt_wstdlib.h(69): note: see declaration of '_itow'
e:\laptrinh\tailieu_2017\ltwin_tdquang_2017\exercise\expensemanagement\1512062_midterm_personalfinance\source\expensemanagement\formaddexpense.cpp(113): warning C4101: 'e0': unreferenced local variable
e:\laptrinh\tailieu_2017\ltwin_tdquang_2017\exercise\expensemanagement\1512062_midterm_personalfinance\source\expensemanagement\formaddexpense.cpp(118): warning C4101: 'e1': unreferenced local variable
e:\laptrinh\tailieu_2017\ltwin_tdquang_2017\exercise\expensemanagement\1512062_midterm_personalfinance\source\expensemanagement\formaddexpense.cpp(123): warning C4101: 'e2': unreferenced local variable
e:\laptrinh\tailieu_2017\ltwin_tdquang_2017\exercise\expensemanagement\1512062_midterm_personalfinance\source\expensemanagement\formaddexpense.cpp(128): warning C4101: 'e3': unreferenced local variable
  ExpenseManagement.cpp
e:\laptrinh\tailieu_2017\ltwin_tdquang_2017\exercise\expensemanagement\1512062_midterm_personalfinance\source\expensemanagement\expensemanagement.cpp(37): warning C4267: '=': conversion from 'size_t' to 'int', possible loss of data
e:\laptrinh\tailieu_2017\ltwin_tdquang_2017\exercise\expensemanagement\1512062_midterm_personalfinance\source\expensemanagement\expensemanagement.cpp(44): warning C4267: '=': conversion from 'size_t' to 'int', possible loss of data
e:\laptrinh\tailieu_2017\ltwin_tdquang_2017\exercise\expensemanagement\1512062_midterm_personalfinance\source\expensemanagement\expensemanagement.cpp(51): warning C4267: '=': conversion from 'size_t' to 'int', possible loss of data
e:\laptrinh\tailieu_2017\ltwin_tdquang_2017\exercise\expensemanagement\1512062_midterm_personalfinance\source\expensemanagement\expensemanagement.cpp(58): warning C4267: '=': conversion from 'size_t' to 'int', possible loss of data
e:\laptrinh\tailieu_2017\ltwin_tdquang_2017\exercise\expensemanagement\1512062_midterm_personalfinance\source\expensemanagement\expensemanagement.cpp(65): warning C4267: '=': conversion from 'size_t' to 'int', possible loss of data
e:\laptrinh\tailieu_2017\ltwin_tdquang_2017\exercise\expensemanagement\1512062_midterm_personalfinance\source\expensemanagement\expensemanagement.cpp(72): warning C4267: '=': conversion from 'size_t' to 'int', possible loss of data
e:\laptrinh\tailieu_2017\ltwin_tdquang_2017\exercise\expensemanagement\1512062_midterm_personalfinance\source\expensemanagement\expensemanagement.cpp(122): error C4996: '_itow': This function or variable may be unsafe. Consider using _itow_s instead. To disable deprecation, use _CRT_SECURE_NO_WARNINGS. See online help for details.
  c:\program files (x86)\windows kits\10\include\10.0.15063.0\ucrt\corecrt_wstdlib.h(69): note: see declaration of '_itow'
e:\laptrinh\tailieu_2017\ltwin_tdquang_2017\exercise\expensemanagement\1512062_midterm_personalfinance\source\expensemanagement\expensemanagement.cpp(125): error C4996: '_itow': This function or variable may be unsafe. Consider using _itow_s instead. To disable deprecation, use _CRT_SECURE_NO_WARNINGS. See online help for details.
  c:\program files (x86)\windows kits\10\include\10.0.15063.0\ucrt\corecrt_wstdlib.h(69): note: see declaration of '_itow'
e:\laptrinh\tailieu_2017\ltwin_tdquang_2017\exercise\expensemanagement\1512062_midterm_personalfinance\source\expensemanagement\expensemanagement.cpp(128): error C4996: '_itow': This function or variable may be unsafe. Consider using _itow_s instead. To disable deprecation, use _CRT_SECURE_NO_WARNINGS. See online help for details.
  c:\program files (x86)\windows kits\10\include\10.0.15063.0\ucrt\corecrt_wstdlib.h(69): note: see declaration of '_itow'
e:\laptrinh\tailieu_2017\ltwin_tdquang_2017\exercise\expensemanagement\1512062_midterm_personalfinance\source\expensemanagement\expensemanagement.cpp(131): error C4996: '_itow': This function or variable may be unsafe. Consider using _itow_s instead. To disable deprecation, use _CRT_SECURE_NO_WARNINGS. See online help for details.
  c:\program files (x86)\windows kits\10\include\10.0.15063.0\ucrt\corecrt_wstdlib.h(69): note: see declaration of '_itow'
  Expense.cpp
e:\laptrinh\tailieu_2017\ltwin_tdquang_2017\exercise\expensemanagement\1512062_midterm_personalfinance\source\expensemanagement\expense.cpp(52): error C4996: '_itow': This function or variable may be unsafe. Consider using _itow_s instead. To disable deprecation, use _CRT_SECURE_NO_WARNINGS. See online help for details.
  c:\program files (x86)\windows kits\10\include\10.0.15063.0\ucrt\corecrt_wstdlib.h(69): note: see declaration of '_itow'
e:\laptrinh\tailieu_2017\ltwin_tdquang_2017\exercise\expensemanagement\1512062_midterm_personalfinance\source\expensemanagement\expense.cpp(55): error C4996: '_itow': This function or variable may be unsafe. Consider using _itow_s instead. To disable deprecation, use _CRT_SECURE_NO_WARNINGS. See online help for details.
  c:\program files (x86)\windows kits\10\include\10.0.15063.0\ucrt\corecrt_wstdlib.h(69): note: see declaration of '_itow'
e:\laptrinh\tailieu_2017\ltwin_tdquang_2017\exercise\expensemanagement\1512062_midterm_personalfinance\source\expensemanagement\expense.cpp(58): error C4996: '_itow': This function or variable may be unsafe. Consider using _itow_s instead. To disable deprecation, use _CRT_SECURE_NO_WARNINGS. See online help for details.
  c:\program files (x86)\windows kits\10\include\10.0.15063.0\ucrt\corecrt_wstdlib.h(69): note: see declaration of '_itow'
e:\laptrinh\tailieu_2017\ltwin_tdquang_2017\exercise\expensemanagement\1512062_midterm_personalfinance\source\expensemanagement\expense.cpp(61): error C4996: '_itow': This function or variable may be unsafe. Consider using _itow_s instead. To disable deprecation, use _CRT_SECURE_NO_WARNINGS. See online help for details.
  c:\program files (x86)\windows kits\10\include\10.0.15063.0\ucrt\corecrt_wstdlib.h(69): note: see declaration of '_itow'
e:\laptrinh\tailieu_2017\ltwin_tdquang_2017\exercise\expensemanagement\1512062_midterm_personalfinance\source\expensemanagement\expense.cpp(86): error C4996: '_itow': This function or variable may be unsafe. Consider using _itow_s instead. To disable deprecation, use _CRT_SECURE_NO_WARNINGS. See online help for details.
  c:\program files (x86)\windows kits\10\include\10.0.15063.0\ucrt\corecrt_wstdlib.h(69): note: see declaration of '_itow'
e:\laptrinh\tailieu_2017\ltwin_tdquang_2017\exercise\expensemanagement\1512062_midterm_personalfinance\source\expensemanagement\expense.cpp(89): error C4996: '_itow': This function or variable may be unsafe. Consider using _itow_s instead. To disable deprecation, use _CRT_SECURE_NO_WARNINGS. See online help for details.
  c:\program files (x86)\windows kits\10\include\10.0.15063.0\ucrt\corecrt_wstdlib.h(69): note: see declaration of '_itow'
e:\laptrinh\tailieu_2017\ltwin_tdquang_2017\exercise\expensemanagement\1512062_midterm_personalfinance\source\expensemanagement\expense.cpp(92): error C4996: '_itow': This function or variable may be unsafe. Consider using _itow_s instead. To disable deprecation, use _CRT_SECURE_NO_WARNINGS. See online help for details.
  c:\program files (x86)\windows kits\10\include\10.0.15063.0\ucrt\corecrt_wstdlib.h(69): note: see declaration of '_itow'
  CastedStringToNumberException.cpp
  Generating Code...
